\BOOKMARK [1][-]{Section.0.Introduction.1}{\376\377\000I\000n\000t\000r\000o\000d\000u\000c\000t\000i\000o\000n}{}% 1
\BOOKMARK [1][-]{Section.1.The cubble package.1}{\376\377\000T\000h\000e\000\040\000c\000u\000b\000b\000l\000e\000\040\000p\000a\000c\000k\000a\000g\000e}{}% 2
\BOOKMARK [2][-]{Subsection.2.0.The cubble object.2}{\376\377\000T\000h\000e\000\040\000c\000u\000b\000b\000l\000e\000\040\000o\000b\000j\000e\000c\000t}{Section.1.The cubble package.1}% 3
\BOOKMARK [2][-]{Subsection.2.1.Creation and coercion.2}{\376\377\000C\000r\000e\000a\000t\000i\000o\000n\000\040\000a\000n\000d\000\040\000c\000o\000e\000r\000c\000i\000o\000n}{Section.1.The cubble package.1}% 4
\BOOKMARK [3][-]{Subsubsection.2.2.0.Create from separate spatial and temporal table.3}{\376\377\000C\000r\000e\000a\000t\000e\000\040\000f\000r\000o\000m\000\040\000s\000e\000p\000a\000r\000a\000t\000e\000\040\000s\000p\000a\000t\000i\000a\000l\000\040\000a\000n\000d\000\040\000t\000e\000m\000p\000o\000r\000a\000l\000\040\000t\000a\000b\000l\000e}{Subsection.2.1.Creation and coercion.2}% 5
\BOOKMARK [3][-]{Subsubsection.2.2.1.Coerce from other objects.3}{\376\377\000C\000o\000e\000r\000c\000e\000\040\000f\000r\000o\000m\000\040\000o\000t\000h\000e\000r\000\040\000o\000b\000j\000e\000c\000t\000s}{Subsection.2.1.Creation and coercion.2}% 6
\BOOKMARK [2][-]{Subsection.2.2.Functions and methods in cubble.2}{\376\377\000F\000u\000n\000c\000t\000i\000o\000n\000s\000\040\000a\000n\000d\000\040\000m\000e\000t\000h\000o\000d\000s\000\040\000i\000n\000\040\000c\000u\000b\000b\000l\000e}{Section.1.The cubble package.1}% 7
\BOOKMARK [3][-]{Subsubsection.2.3.0.dplyr methods.3}{\376\377\000d\000p\000l\000y\000r\000\040\000m\000e\000t\000h\000o\000d\000s}{Subsection.2.2.Functions and methods in cubble.2}% 8
\BOOKMARK [3][-]{Subsubsection.2.3.1.cubble specific methods.3}{\376\377\000c\000u\000b\000b\000l\000e\000\040\000s\000p\000e\000c\000i\000f\000i\000c\000\040\000m\000e\000t\000h\000o\000d\000s}{Subsection.2.2.Functions and methods in cubble.2}% 9
\BOOKMARK [2][-]{Subsection.2.3.Compatibility with other packages.2}{\376\377\000C\000o\000m\000p\000a\000t\000i\000b\000i\000l\000i\000t\000y\000\040\000w\000i\000t\000h\000\040\000o\000t\000h\000e\000r\000\040\000p\000a\000c\000k\000a\000g\000e\000s}{Section.1.The cubble package.1}% 10
\BOOKMARK [3][-]{Subsubsection.2.4.0..3}{}{Subsection.2.3.Compatibility with other packages.2}% 11
\BOOKMARK [3][-]{Subsubsection.2.4.1..3}{}{Subsection.2.3.Compatibility with other packages.2}% 12
\BOOKMARK [2][-]{Subsection.2.4.Comparison to other spatio-temporal classes.2}{\376\377\000C\000o\000m\000p\000a\000r\000i\000s\000o\000n\000\040\000t\000o\000\040\000o\000t\000h\000e\000r\000\040\000s\000p\000a\000t\000i\000o\000-\000t\000e\000m\000p\000o\000r\000a\000l\000\040\000c\000l\000a\000s\000s\000e\000s}{Section.1.The cubble package.1}% 13
\BOOKMARK [1][-]{Section.2.Other features and considerations.1}{\376\377\000O\000t\000h\000e\000r\000\040\000f\000e\000a\000t\000u\000r\000e\000s\000\040\000a\000n\000d\000\040\000c\000o\000n\000s\000i\000d\000e\000r\000a\000t\000i\000o\000n\000s}{}% 14
\BOOKMARK [2][-]{Subsection.3.0.Hierarchical structure.2}{\376\377\000H\000i\000e\000r\000a\000r\000c\000h\000i\000c\000a\000l\000\040\000s\000t\000r\000u\000c\000t\000u\000r\000e}{Section.2.Other features and considerations.1}% 15
\BOOKMARK [2][-]{Subsection.3.1.Data fusion and matching.2}{\376\377\000D\000a\000t\000a\000\040\000f\000u\000s\000i\000o\000n\000\040\000a\000n\000d\000\040\000m\000a\000t\000c\000h\000i\000n\000g}{Section.2.Other features and considerations.1}% 16
\BOOKMARK [2][-]{Subsection.3.2.Interactive graphics.2}{\376\377\000I\000n\000t\000e\000r\000a\000c\000t\000i\000v\000e\000\040\000g\000r\000a\000p\000h\000i\000c\000s}{Section.2.Other features and considerations.1}% 17
\BOOKMARK [2][-]{Subsection.3.3.Spatio-temporal transformations.2}{\376\377\000S\000p\000a\000t\000i\000o\000-\000t\000e\000m\000p\000o\000r\000a\000l\000\040\000t\000r\000a\000n\000s\000f\000o\000r\000m\000a\000t\000i\000o\000n\000s}{Section.2.Other features and considerations.1}% 18
\BOOKMARK [1][-]{Section.3.Applications.1}{\376\377\000A\000p\000p\000l\000i\000c\000a\000t\000i\000o\000n\000s}{}% 19
\BOOKMARK [2][-]{Subsection.4.0.Victoria COVID spatio-temporal incidence and spread.2}{\376\377\000V\000i\000c\000t\000o\000r\000i\000a\000\040\000C\000O\000V\000I\000D\000\040\000s\000p\000a\000t\000i\000o\000-\000t\000e\000m\000p\000o\000r\000a\000l\000\040\000i\000n\000c\000i\000d\000e\000n\000c\000e\000\040\000a\000n\000d\000\040\000s\000p\000r\000e\000a\000d}{Section.3.Applications.1}% 20
\BOOKMARK [2][-]{Subsection.4.1.Australian historical maximum temperature.2}{\376\377\000A\000u\000s\000t\000r\000a\000l\000i\000a\000n\000\040\000h\000i\000s\000t\000o\000r\000i\000c\000a\000l\000\040\000m\000a\000x\000i\000m\000u\000m\000\040\000t\000e\000m\000p\000e\000r\000a\000t\000u\000r\000e}{Section.3.Applications.1}% 21
\BOOKMARK [2][-]{Subsection.4.2.River levels and rainfall in Victoria.2}{\376\377\000R\000i\000v\000e\000r\000\040\000l\000e\000v\000e\000l\000s\000\040\000a\000n\000d\000\040\000r\000a\000i\000n\000f\000a\000l\000l\000\040\000i\000n\000\040\000V\000i\000c\000t\000o\000r\000i\000a}{Section.3.Applications.1}% 22
\BOOKMARK [2][-]{Subsection.4.3.ERA5: climate reanalysis data.2}{\376\377\000E\000R\000A\0005\000:\000\040\000c\000l\000i\000m\000a\000t\000e\000\040\000r\000e\000a\000n\000a\000l\000y\000s\000i\000s\000\040\000d\000a\000t\000a}{Section.3.Applications.1}% 23
\BOOKMARK [2][-]{Subsection.4.4.Interactive graphics.2}{\376\377\000I\000n\000t\000e\000r\000a\000c\000t\000i\000v\000e\000\040\000g\000r\000a\000p\000h\000i\000c\000s}{Section.3.Applications.1}% 24
\BOOKMARK [1][-]{Section.4.Conclusion.1}{\376\377\000C\000o\000n\000c\000l\000u\000s\000i\000o\000n}{}% 25
\BOOKMARK [1][-]{Section.5.Acknowledgement.1}{\376\377\000A\000c\000k\000n\000o\000w\000l\000e\000d\000g\000e\000m\000e\000n\000t}{}% 26
